{"/Users/maemeenoi/Library/CloudStorage/OneDrive-AraInstituteofCanterbury/Desktop/STUDY BICT/Year 2 Sem 2/BCDE211 Best Programming Practices Web and Mobile Develoment (FRI_AM)/Assessment_3/Assessment 2 Upgraded/Model/Database.js": {"path":"/Users/maemeenoi/Library/CloudStorage/OneDrive-AraInstituteofCanterbury/Desktop/STUDY BICT/Year 2 Sem 2/BCDE211 Best Programming Practices Web and Mobile Develoment (FRI_AM)/Assessment_3/Assessment 2 Upgraded/Model/Database.js","statementMap":{"0":{"start":{"line":8,"column":4},"end":{"line":8,"column":24}},"1":{"start":{"line":9,"column":4},"end":{"line":9,"column":32}},"2":{"start":{"line":10,"column":4},"end":{"line":10,"column":38}},"3":{"start":{"line":11,"column":4},"end":{"line":11,"column":15}},"4":{"start":{"line":15,"column":4},"end":{"line":57,"column":6}},"5":{"start":{"line":16,"column":22},"end":{"line":16,"column":65}},"6":{"start":{"line":18,"column":6},"end":{"line":21,"column":7}},"7":{"start":{"line":19,"column":8},"end":{"line":19,"column":61}},"8":{"start":{"line":20,"column":8},"end":{"line":20,"column":75}},"9":{"start":{"line":24,"column":6},"end":{"line":49,"column":7}},"10":{"start":{"line":25,"column":19},"end":{"line":25,"column":38}},"11":{"start":{"line":28,"column":8},"end":{"line":36,"column":9}},"12":{"start":{"line":29,"column":28},"end":{"line":32,"column":12}},"13":{"start":{"line":33,"column":10},"end":{"line":33,"column":76}},"14":{"start":{"line":34,"column":10},"end":{"line":34,"column":74}},"15":{"start":{"line":35,"column":10},"end":{"line":35,"column":64}},"16":{"start":{"line":39,"column":8},"end":{"line":48,"column":9}},"17":{"start":{"line":40,"column":31},"end":{"line":43,"column":12}},"18":{"start":{"line":44,"column":10},"end":{"line":44,"column":73}},"19":{"start":{"line":45,"column":10},"end":{"line":45,"column":77}},"20":{"start":{"line":46,"column":10},"end":{"line":46,"column":77}},"21":{"start":{"line":47,"column":10},"end":{"line":47,"column":77}},"22":{"start":{"line":52,"column":6},"end":{"line":56,"column":7}},"23":{"start":{"line":53,"column":8},"end":{"line":53,"column":37}},"24":{"start":{"line":54,"column":8},"end":{"line":54,"column":51}},"25":{"start":{"line":55,"column":8},"end":{"line":55,"column":24}},"26":{"start":{"line":61,"column":4},"end":{"line":94,"column":6}},"27":{"start":{"line":63,"column":6},"end":{"line":63,"column":23}},"28":{"start":{"line":64,"column":26},"end":{"line":64,"column":77}},"29":{"start":{"line":65,"column":20},"end":{"line":65,"column":60}},"30":{"start":{"line":66,"column":22},"end":{"line":70,"column":8}},"31":{"start":{"line":72,"column":6},"end":{"line":75,"column":7}},"32":{"start":{"line":73,"column":8},"end":{"line":73,"column":64}},"33":{"start":{"line":74,"column":8},"end":{"line":74,"column":70}},"34":{"start":{"line":77,"column":6},"end":{"line":82,"column":7}},"35":{"start":{"line":78,"column":8},"end":{"line":80,"column":9}},"36":{"start":{"line":81,"column":8},"end":{"line":81,"column":31}},"37":{"start":{"line":85,"column":6},"end":{"line":88,"column":7}},"38":{"start":{"line":86,"column":8},"end":{"line":86,"column":64}},"39":{"start":{"line":87,"column":8},"end":{"line":87,"column":70}},"40":{"start":{"line":91,"column":6},"end":{"line":93,"column":7}},"41":{"start":{"line":92,"column":8},"end":{"line":92,"column":58}},"42":{"start":{"line":97,"column":4},"end":{"line":126,"column":6}},"43":{"start":{"line":98,"column":26},"end":{"line":98,"column":80}},"44":{"start":{"line":99,"column":20},"end":{"line":99,"column":63}},"45":{"start":{"line":100,"column":22},"end":{"line":106,"column":8}},"46":{"start":{"line":108,"column":6},"end":{"line":111,"column":7}},"47":{"start":{"line":109,"column":8},"end":{"line":109,"column":59}},"48":{"start":{"line":110,"column":8},"end":{"line":110,"column":31}},"49":{"start":{"line":113,"column":6},"end":{"line":116,"column":7}},"50":{"start":{"line":114,"column":8},"end":{"line":114,"column":67}},"51":{"start":{"line":115,"column":8},"end":{"line":115,"column":72}},"52":{"start":{"line":118,"column":6},"end":{"line":121,"column":7}},"53":{"start":{"line":119,"column":8},"end":{"line":119,"column":64}},"54":{"start":{"line":120,"column":8},"end":{"line":120,"column":69}},"55":{"start":{"line":123,"column":6},"end":{"line":125,"column":7}},"56":{"start":{"line":124,"column":8},"end":{"line":124,"column":58}},"57":{"start":{"line":130,"column":4},"end":{"line":168,"column":6}},"58":{"start":{"line":131,"column":17},"end":{"line":131,"column":31}},"59":{"start":{"line":132,"column":30},"end":{"line":132,"column":80}},"60":{"start":{"line":133,"column":24},"end":{"line":133,"column":68}},"61":{"start":{"line":134,"column":26},"end":{"line":134,"column":43}},"62":{"start":{"line":136,"column":6},"end":{"line":162,"column":7}},"63":{"start":{"line":137,"column":21},"end":{"line":137,"column":40}},"64":{"start":{"line":138,"column":8},"end":{"line":161,"column":9}},"65":{"start":{"line":139,"column":37},"end":{"line":142,"column":11}},"66":{"start":{"line":143,"column":31},"end":{"line":145,"column":11}},"67":{"start":{"line":146,"column":24},"end":{"line":146,"column":52}},"68":{"start":{"line":147,"column":33},"end":{"line":147,"column":49}},"69":{"start":{"line":149,"column":10},"end":{"line":152,"column":11}},"70":{"start":{"line":150,"column":12},"end":{"line":150,"column":47}},"71":{"start":{"line":151,"column":12},"end":{"line":151,"column":25}},"72":{"start":{"line":154,"column":10},"end":{"line":157,"column":11}},"73":{"start":{"line":155,"column":12},"end":{"line":155,"column":73}},"74":{"start":{"line":156,"column":12},"end":{"line":156,"column":78}},"75":{"start":{"line":159,"column":10},"end":{"line":159,"column":60}},"76":{"start":{"line":160,"column":10},"end":{"line":160,"column":64}},"77":{"start":{"line":164,"column":6},"end":{"line":167,"column":7}},"78":{"start":{"line":165,"column":8},"end":{"line":165,"column":65}},"79":{"start":{"line":166,"column":8},"end":{"line":166,"column":70}},"80":{"start":{"line":172,"column":4},"end":{"line":220,"column":6}},"81":{"start":{"line":174,"column":6},"end":{"line":178,"column":7}},"82":{"start":{"line":175,"column":8},"end":{"line":175,"column":55}},"83":{"start":{"line":176,"column":8},"end":{"line":176,"column":59}},"84":{"start":{"line":177,"column":8},"end":{"line":177,"column":14}},"85":{"start":{"line":181,"column":30},"end":{"line":184,"column":7}},"86":{"start":{"line":185,"column":24},"end":{"line":185,"column":68}},"87":{"start":{"line":186,"column":32},"end":{"line":186,"column":56}},"88":{"start":{"line":188,"column":6},"end":{"line":191,"column":7}},"89":{"start":{"line":189,"column":8},"end":{"line":189,"column":68}},"90":{"start":{"line":190,"column":8},"end":{"line":190,"column":73}},"91":{"start":{"line":193,"column":6},"end":{"line":219,"column":7}},"92":{"start":{"line":194,"column":8},"end":{"line":194,"column":53}},"93":{"start":{"line":196,"column":35},"end":{"line":199,"column":9}},"94":{"start":{"line":200,"column":29},"end":{"line":200,"column":79}},"95":{"start":{"line":201,"column":22},"end":{"line":201,"column":50}},"96":{"start":{"line":202,"column":37},"end":{"line":202,"column":79}},"97":{"start":{"line":204,"column":8},"end":{"line":213,"column":9}},"98":{"start":{"line":205,"column":25},"end":{"line":205,"column":44}},"99":{"start":{"line":206,"column":10},"end":{"line":212,"column":11}},"100":{"start":{"line":207,"column":12},"end":{"line":207,"column":50}},"101":{"start":{"line":208,"column":12},"end":{"line":208,"column":29}},"102":{"start":{"line":210,"column":12},"end":{"line":210,"column":70}},"103":{"start":{"line":211,"column":12},"end":{"line":211,"column":21}},"104":{"start":{"line":215,"column":8},"end":{"line":218,"column":9}},"105":{"start":{"line":216,"column":10},"end":{"line":216,"column":74}},"106":{"start":{"line":217,"column":10},"end":{"line":217,"column":79}},"107":{"start":{"line":224,"column":4},"end":{"line":267,"column":6}},"108":{"start":{"line":225,"column":26},"end":{"line":225,"column":77}},"109":{"start":{"line":226,"column":20},"end":{"line":226,"column":60}},"110":{"start":{"line":227,"column":29},"end":{"line":227,"column":46}},"111":{"start":{"line":229,"column":6},"end":{"line":256,"column":7}},"112":{"start":{"line":230,"column":21},"end":{"line":230,"column":40}},"113":{"start":{"line":232,"column":8},"end":{"line":255,"column":9}},"114":{"start":{"line":233,"column":10},"end":{"line":239,"column":12}},"115":{"start":{"line":234,"column":12},"end":{"line":238,"column":13}},"116":{"start":{"line":235,"column":14},"end":{"line":235,"column":65}},"117":{"start":{"line":237,"column":14},"end":{"line":237,"column":42}},"118":{"start":{"line":241,"column":36},"end":{"line":241,"column":51}},"119":{"start":{"line":243,"column":10},"end":{"line":246,"column":11}},"120":{"start":{"line":244,"column":12},"end":{"line":244,"column":71}},"121":{"start":{"line":245,"column":12},"end":{"line":245,"column":25}},"122":{"start":{"line":248,"column":10},"end":{"line":251,"column":11}},"123":{"start":{"line":249,"column":12},"end":{"line":249,"column":72}},"124":{"start":{"line":250,"column":12},"end":{"line":250,"column":77}},"125":{"start":{"line":253,"column":10},"end":{"line":253,"column":60}},"126":{"start":{"line":254,"column":10},"end":{"line":254,"column":64}},"127":{"start":{"line":258,"column":6},"end":{"line":261,"column":7}},"128":{"start":{"line":259,"column":8},"end":{"line":259,"column":65}},"129":{"start":{"line":260,"column":8},"end":{"line":260,"column":70}},"130":{"start":{"line":263,"column":6},"end":{"line":266,"column":7}},"131":{"start":{"line":264,"column":8},"end":{"line":264,"column":64}},"132":{"start":{"line":265,"column":8},"end":{"line":265,"column":69}},"133":{"start":{"line":271,"column":4},"end":{"line":274,"column":5}},"134":{"start":{"line":272,"column":6},"end":{"line":272,"column":21}},"135":{"start":{"line":273,"column":6},"end":{"line":273,"column":20}},"136":{"start":{"line":279,"column":4},"end":{"line":293,"column":6}},"137":{"start":{"line":281,"column":6},"end":{"line":281,"column":18}},"138":{"start":{"line":282,"column":22},"end":{"line":282,"column":66}},"139":{"start":{"line":285,"column":6},"end":{"line":287,"column":7}},"140":{"start":{"line":286,"column":8},"end":{"line":286,"column":77}},"141":{"start":{"line":290,"column":6},"end":{"line":292,"column":7}},"142":{"start":{"line":291,"column":8},"end":{"line":291,"column":17}}},"fnMap":{"0":{"name":"(anonymous_0)","decl":{"start":{"line":3,"column":2},"end":{"line":3,"column":3}},"loc":{"start":{"line":7,"column":4},"end":{"line":12,"column":3}},"line":7},"1":{"name":"(anonymous_1)","decl":{"start":{"line":14,"column":2},"end":{"line":14,"column":3}},"loc":{"start":{"line":14,"column":26},"end":{"line":58,"column":3}},"line":14},"2":{"name":"(anonymous_2)","decl":{"start":{"line":15,"column":23},"end":{"line":15,"column":24}},"loc":{"start":{"line":15,"column":44},"end":{"line":57,"column":5}},"line":15},"3":{"name":"(anonymous_3)","decl":{"start":{"line":18,"column":24},"end":{"line":18,"column":25}},"loc":{"start":{"line":18,"column":35},"end":{"line":21,"column":7}},"line":18},"4":{"name":"(anonymous_4)","decl":{"start":{"line":24,"column":32},"end":{"line":24,"column":33}},"loc":{"start":{"line":24,"column":43},"end":{"line":49,"column":7}},"line":24},"5":{"name":"(anonymous_5)","decl":{"start":{"line":52,"column":26},"end":{"line":52,"column":27}},"loc":{"start":{"line":52,"column":37},"end":{"line":56,"column":7}},"line":52},"6":{"name":"(anonymous_6)","decl":{"start":{"line":60,"column":2},"end":{"line":60,"column":3}},"loc":{"start":{"line":60,"column":27},"end":{"line":95,"column":3}},"line":60},"7":{"name":"(anonymous_7)","decl":{"start":{"line":61,"column":23},"end":{"line":61,"column":24}},"loc":{"start":{"line":61,"column":44},"end":{"line":94,"column":5}},"line":61},"8":{"name":"(anonymous_8)","decl":{"start":{"line":72,"column":24},"end":{"line":72,"column":25}},"loc":{"start":{"line":72,"column":35},"end":{"line":75,"column":7}},"line":72},"9":{"name":"(anonymous_9)","decl":{"start":{"line":77,"column":26},"end":{"line":77,"column":27}},"loc":{"start":{"line":77,"column":37},"end":{"line":82,"column":7}},"line":77},"10":{"name":"(anonymous_10)","decl":{"start":{"line":85,"column":28},"end":{"line":85,"column":29}},"loc":{"start":{"line":85,"column":39},"end":{"line":88,"column":7}},"line":85},"11":{"name":"(anonymous_11)","decl":{"start":{"line":91,"column":31},"end":{"line":91,"column":32}},"loc":{"start":{"line":91,"column":37},"end":{"line":93,"column":7}},"line":91},"12":{"name":"(anonymous_12)","decl":{"start":{"line":96,"column":2},"end":{"line":96,"column":3}},"loc":{"start":{"line":96,"column":68},"end":{"line":127,"column":3}},"line":96},"13":{"name":"(anonymous_13)","decl":{"start":{"line":97,"column":23},"end":{"line":97,"column":24}},"loc":{"start":{"line":97,"column":44},"end":{"line":126,"column":5}},"line":97},"14":{"name":"(anonymous_14)","decl":{"start":{"line":108,"column":26},"end":{"line":108,"column":27}},"loc":{"start":{"line":108,"column":32},"end":{"line":111,"column":7}},"line":108},"15":{"name":"(anonymous_15)","decl":{"start":{"line":113,"column":24},"end":{"line":113,"column":25}},"loc":{"start":{"line":113,"column":35},"end":{"line":116,"column":7}},"line":113},"16":{"name":"(anonymous_16)","decl":{"start":{"line":118,"column":28},"end":{"line":118,"column":29}},"loc":{"start":{"line":118,"column":39},"end":{"line":121,"column":7}},"line":118},"17":{"name":"(anonymous_17)","decl":{"start":{"line":123,"column":31},"end":{"line":123,"column":32}},"loc":{"start":{"line":123,"column":37},"end":{"line":125,"column":7}},"line":123},"18":{"name":"(anonymous_18)","decl":{"start":{"line":129,"column":2},"end":{"line":129,"column":3}},"loc":{"start":{"line":129,"column":36},"end":{"line":169,"column":3}},"line":129},"19":{"name":"(anonymous_19)","decl":{"start":{"line":130,"column":23},"end":{"line":130,"column":24}},"loc":{"start":{"line":130,"column":44},"end":{"line":168,"column":5}},"line":130},"20":{"name":"(anonymous_20)","decl":{"start":{"line":136,"column":30},"end":{"line":136,"column":31}},"loc":{"start":{"line":136,"column":47},"end":{"line":162,"column":7}},"line":136},"21":{"name":"(anonymous_21)","decl":{"start":{"line":149,"column":37},"end":{"line":149,"column":38}},"loc":{"start":{"line":149,"column":48},"end":{"line":152,"column":11}},"line":149},"22":{"name":"(anonymous_22)","decl":{"start":{"line":154,"column":35},"end":{"line":154,"column":36}},"loc":{"start":{"line":154,"column":46},"end":{"line":157,"column":11}},"line":154},"23":{"name":"(anonymous_23)","decl":{"start":{"line":164,"column":28},"end":{"line":164,"column":29}},"loc":{"start":{"line":164,"column":39},"end":{"line":167,"column":7}},"line":164},"24":{"name":"(anonymous_24)","decl":{"start":{"line":171,"column":2},"end":{"line":171,"column":3}},"loc":{"start":{"line":171,"column":27},"end":{"line":221,"column":3}},"line":171},"25":{"name":"(anonymous_25)","decl":{"start":{"line":172,"column":23},"end":{"line":172,"column":24}},"loc":{"start":{"line":172,"column":44},"end":{"line":220,"column":5}},"line":172},"26":{"name":"(anonymous_26)","decl":{"start":{"line":188,"column":34},"end":{"line":188,"column":35}},"loc":{"start":{"line":188,"column":45},"end":{"line":191,"column":7}},"line":188},"27":{"name":"(anonymous_27)","decl":{"start":{"line":193,"column":36},"end":{"line":193,"column":37}},"loc":{"start":{"line":193,"column":42},"end":{"line":219,"column":7}},"line":193},"28":{"name":"(anonymous_28)","decl":{"start":{"line":204,"column":41},"end":{"line":204,"column":42}},"loc":{"start":{"line":204,"column":52},"end":{"line":213,"column":9}},"line":204},"29":{"name":"(anonymous_29)","decl":{"start":{"line":215,"column":39},"end":{"line":215,"column":40}},"loc":{"start":{"line":215,"column":50},"end":{"line":218,"column":9}},"line":215},"30":{"name":"(anonymous_30)","decl":{"start":{"line":223,"column":2},"end":{"line":223,"column":3}},"loc":{"start":{"line":223,"column":40},"end":{"line":268,"column":3}},"line":223},"31":{"name":"(anonymous_31)","decl":{"start":{"line":224,"column":23},"end":{"line":224,"column":24}},"loc":{"start":{"line":224,"column":44},"end":{"line":267,"column":5}},"line":224},"32":{"name":"(anonymous_32)","decl":{"start":{"line":229,"column":33},"end":{"line":229,"column":34}},"loc":{"start":{"line":229,"column":44},"end":{"line":256,"column":7}},"line":229},"33":{"name":"(anonymous_33)","decl":{"start":{"line":233,"column":43},"end":{"line":233,"column":44}},"loc":{"start":{"line":233,"column":52},"end":{"line":239,"column":11}},"line":233},"34":{"name":"(anonymous_34)","decl":{"start":{"line":243,"column":40},"end":{"line":243,"column":41}},"loc":{"start":{"line":243,"column":46},"end":{"line":246,"column":11}},"line":243},"35":{"name":"(anonymous_35)","decl":{"start":{"line":248,"column":38},"end":{"line":248,"column":39}},"loc":{"start":{"line":248,"column":49},"end":{"line":251,"column":11}},"line":248},"36":{"name":"(anonymous_36)","decl":{"start":{"line":258,"column":31},"end":{"line":258,"column":32}},"loc":{"start":{"line":258,"column":42},"end":{"line":261,"column":7}},"line":258},"37":{"name":"(anonymous_37)","decl":{"start":{"line":263,"column":28},"end":{"line":263,"column":29}},"loc":{"start":{"line":263,"column":39},"end":{"line":266,"column":7}},"line":263},"38":{"name":"(anonymous_38)","decl":{"start":{"line":270,"column":2},"end":{"line":270,"column":3}},"loc":{"start":{"line":270,"column":10},"end":{"line":275,"column":3}},"line":270},"39":{"name":"(anonymous_39)","decl":{"start":{"line":278,"column":2},"end":{"line":278,"column":3}},"loc":{"start":{"line":278,"column":25},"end":{"line":294,"column":3}},"line":278},"40":{"name":"(anonymous_40)","decl":{"start":{"line":279,"column":23},"end":{"line":279,"column":24}},"loc":{"start":{"line":279,"column":44},"end":{"line":293,"column":5}},"line":279},"41":{"name":"(anonymous_41)","decl":{"start":{"line":285,"column":24},"end":{"line":285,"column":25}},"loc":{"start":{"line":285,"column":35},"end":{"line":287,"column":7}},"line":285},"42":{"name":"(anonymous_42)","decl":{"start":{"line":290,"column":26},"end":{"line":290,"column":27}},"loc":{"start":{"line":290,"column":37},"end":{"line":292,"column":7}},"line":290}},"branchMap":{"0":{"loc":{"start":{"line":4,"column":4},"end":{"line":4,"column":26}},"type":"default-arg","locations":[{"start":{"line":4,"column":13},"end":{"line":4,"column":26}}],"line":4},"1":{"loc":{"start":{"line":5,"column":4},"end":{"line":5,"column":24}},"type":"default-arg","locations":[{"start":{"line":5,"column":17},"end":{"line":5,"column":24}}],"line":5},"2":{"loc":{"start":{"line":6,"column":4},"end":{"line":6,"column":30}},"type":"default-arg","locations":[{"start":{"line":6,"column":20},"end":{"line":6,"column":30}}],"line":6},"3":{"loc":{"start":{"line":14,"column":13},"end":{"line":14,"column":24}},"type":"default-arg","locations":[{"start":{"line":14,"column":23},"end":{"line":14,"column":24}}],"line":14},"4":{"loc":{"start":{"line":28,"column":8},"end":{"line":36,"column":9}},"type":"if","locations":[{"start":{"line":28,"column":8},"end":{"line":36,"column":9}},{"start":{},"end":{}}],"line":28},"5":{"loc":{"start":{"line":39,"column":8},"end":{"line":48,"column":9}},"type":"if","locations":[{"start":{"line":39,"column":8},"end":{"line":48,"column":9}},{"start":{},"end":{}}],"line":39},"6":{"loc":{"start":{"line":138,"column":8},"end":{"line":161,"column":9}},"type":"if","locations":[{"start":{"line":138,"column":8},"end":{"line":161,"column":9}},{"start":{"line":158,"column":15},"end":{"line":161,"column":9}}],"line":138},"7":{"loc":{"start":{"line":174,"column":6},"end":{"line":178,"column":7}},"type":"if","locations":[{"start":{"line":174,"column":6},"end":{"line":178,"column":7}},{"start":{},"end":{}}],"line":174},"8":{"loc":{"start":{"line":174,"column":10},"end":{"line":174,"column":42}},"type":"binary-expr","locations":[{"start":{"line":174,"column":10},"end":{"line":174,"column":17}},{"start":{"line":174,"column":21},"end":{"line":174,"column":42}}],"line":174},"9":{"loc":{"start":{"line":206,"column":10},"end":{"line":212,"column":11}},"type":"if","locations":[{"start":{"line":206,"column":10},"end":{"line":212,"column":11}},{"start":{"line":209,"column":17},"end":{"line":212,"column":11}}],"line":206},"10":{"loc":{"start":{"line":232,"column":8},"end":{"line":255,"column":9}},"type":"if","locations":[{"start":{"line":232,"column":8},"end":{"line":255,"column":9}},{"start":{"line":252,"column":15},"end":{"line":255,"column":9}}],"line":232},"11":{"loc":{"start":{"line":234,"column":12},"end":{"line":238,"column":13}},"type":"if","locations":[{"start":{"line":234,"column":12},"end":{"line":238,"column":13}},{"start":{"line":236,"column":19},"end":{"line":238,"column":13}}],"line":234},"12":{"loc":{"start":{"line":234,"column":16},"end":{"line":234,"column":55}},"type":"binary-expr","locations":[{"start":{"line":234,"column":16},"end":{"line":234,"column":35}},{"start":{"line":234,"column":39},"end":{"line":234,"column":55}}],"line":234},"13":{"loc":{"start":{"line":271,"column":4},"end":{"line":274,"column":5}},"type":"if","locations":[{"start":{"line":271,"column":4},"end":{"line":274,"column":5}},{"start":{},"end":{}}],"line":271}},"s":{"0":6,"1":6,"2":6,"3":6,"4":7,"5":7,"6":7,"7":0,"8":0,"9":7,"10":1,"11":1,"12":1,"13":1,"14":1,"15":1,"16":1,"17":1,"18":1,"19":1,"20":1,"21":1,"22":7,"23":7,"24":7,"25":7,"26":4,"27":4,"28":4,"29":4,"30":4,"31":4,"32":2,"33":2,"34":4,"35":1,"36":1,"37":4,"38":1,"39":1,"40":4,"41":1,"42":1,"43":1,"44":1,"45":1,"46":1,"47":1,"48":1,"49":1,"50":0,"51":0,"52":1,"53":0,"54":0,"55":1,"56":1,"57":4,"58":4,"59":4,"60":4,"61":4,"62":4,"63":4,"64":4,"65":2,"66":2,"67":2,"68":2,"69":2,"70":2,"71":2,"72":2,"73":0,"74":0,"75":2,"76":2,"77":4,"78":0,"79":0,"80":5,"81":5,"82":3,"83":3,"84":3,"85":2,"86":2,"87":2,"88":2,"89":0,"90":0,"91":2,"92":2,"93":2,"94":2,"95":2,"96":2,"97":2,"98":2,"99":2,"100":0,"101":0,"102":2,"103":2,"104":2,"105":0,"106":0,"107":1,"108":1,"109":1,"110":1,"111":1,"112":1,"113":1,"114":1,"115":1,"116":0,"117":1,"118":1,"119":1,"120":1,"121":1,"122":1,"123":0,"124":0,"125":0,"126":0,"127":1,"128":0,"129":0,"130":1,"131":0,"132":0,"133":3,"134":3,"135":3,"136":2,"137":2,"138":2,"139":2,"140":1,"141":2,"142":0},"f":{"0":6,"1":7,"2":7,"3":0,"4":1,"5":7,"6":4,"7":4,"8":2,"9":1,"10":1,"11":1,"12":1,"13":1,"14":1,"15":0,"16":0,"17":1,"18":4,"19":4,"20":4,"21":2,"22":0,"23":0,"24":5,"25":5,"26":0,"27":2,"28":2,"29":0,"30":1,"31":1,"32":1,"33":1,"34":1,"35":0,"36":0,"37":0,"38":3,"39":2,"40":2,"41":1,"42":0},"b":{"0":[0],"1":[0],"2":[0],"3":[7],"4":[1,0],"5":[1,0],"6":[2,2],"7":[3,2],"8":[5,3],"9":[0,2],"10":[1,0],"11":[0,1],"12":[1,0],"13":[3,0]},"_coverageSchema":"1a1c01bbd47fc00a2c39e90264f33305004495a9","hash":"81996ba9435de0178e5b3dd923ea62535a64e85f"}
,"/Users/maemeenoi/Library/CloudStorage/OneDrive-AraInstituteofCanterbury/Desktop/STUDY BICT/Year 2 Sem 2/BCDE211 Best Programming Practices Web and Mobile Develoment (FRI_AM)/Assessment_3/Assessment 2 Upgraded/Model/Log.js": {"path":"/Users/maemeenoi/Library/CloudStorage/OneDrive-AraInstituteofCanterbury/Desktop/STUDY BICT/Year 2 Sem 2/BCDE211 Best Programming Practices Web and Mobile Develoment (FRI_AM)/Assessment_3/Assessment 2 Upgraded/Model/Log.js","statementMap":{"0":{"start":{"line":5,"column":4},"end":{"line":5,"column":24}},"1":{"start":{"line":6,"column":4},"end":{"line":6,"column":16}},"2":{"start":{"line":7,"column":4},"end":{"line":7,"column":31}},"3":{"start":{"line":8,"column":4},"end":{"line":8,"column":42}},"4":{"start":{"line":13,"column":23},"end":{"line":13,"column":61}},"5":{"start":{"line":14,"column":4},"end":{"line":34,"column":5}},"6":{"start":{"line":15,"column":25},"end":{"line":15,"column":47}},"7":{"start":{"line":16,"column":6},"end":{"line":32,"column":8}},"8":{"start":{"line":17,"column":21},"end":{"line":22,"column":9}},"9":{"start":{"line":23,"column":8},"end":{"line":30,"column":10}},"10":{"start":{"line":24,"column":10},"end":{"line":29,"column":11}},"11":{"start":{"line":31,"column":8},"end":{"line":31,"column":19}},"12":{"start":{"line":33,"column":6},"end":{"line":33,"column":79}},"13":{"start":{"line":33,"column":66},"end":{"line":33,"column":73}},"14":{"start":{"line":38,"column":23},"end":{"line":38,"column":54}},"15":{"start":{"line":39,"column":4},"end":{"line":39,"column":54}},"16":{"start":{"line":43,"column":4},"end":{"line":56,"column":5}},"17":{"start":{"line":44,"column":20},"end":{"line":44,"column":70}},"18":{"start":{"line":45,"column":6},"end":{"line":53,"column":7}},"19":{"start":{"line":46,"column":29},"end":{"line":46,"column":71}},"20":{"start":{"line":46,"column":52},"end":{"line":46,"column":70}},"21":{"start":{"line":47,"column":8},"end":{"line":47,"column":76}},"22":{"start":{"line":48,"column":8},"end":{"line":50,"column":9}},"23":{"start":{"line":52,"column":8},"end":{"line":52,"column":54}},"24":{"start":{"line":55,"column":6},"end":{"line":55,"column":67}},"25":{"start":{"line":60,"column":12},"end":{"line":77,"column":3}},"26":{"start":{"line":62,"column":25},"end":{"line":62,"column":39}},"27":{"start":{"line":63,"column":24},"end":{"line":63,"column":37}},"28":{"start":{"line":64,"column":25},"end":{"line":64,"column":39}},"29":{"start":{"line":67,"column":20},"end":{"line":72,"column":5}},"30":{"start":{"line":73,"column":4},"end":{"line":73,"column":33}},"31":{"start":{"line":74,"column":4},"end":{"line":74,"column":19}},"32":{"start":{"line":75,"column":4},"end":{"line":75,"column":29}},"33":{"start":{"line":76,"column":4},"end":{"line":76,"column":36}},"34":{"start":{"line":79,"column":21},"end":{"line":100,"column":3}},"35":{"start":{"line":86,"column":17},"end":{"line":86,"column":44}},"36":{"start":{"line":87,"column":4},"end":{"line":99,"column":5}},"37":{"start":{"line":88,"column":6},"end":{"line":88,"column":57}},"38":{"start":{"line":89,"column":6},"end":{"line":89,"column":31}},"39":{"start":{"line":90,"column":6},"end":{"line":96,"column":7}},"40":{"start":{"line":98,"column":6},"end":{"line":98,"column":64}},"41":{"start":{"line":103,"column":17},"end":{"line":105,"column":3}},"42":{"start":{"line":104,"column":4},"end":{"line":104,"column":39}},"43":{"start":{"line":107,"column":24},"end":{"line":109,"column":3}},"44":{"start":{"line":108,"column":4},"end":{"line":108,"column":52}},"45":{"start":{"line":111,"column":15},"end":{"line":114,"column":3}},"46":{"start":{"line":112,"column":4},"end":{"line":112,"column":43}},"47":{"start":{"line":113,"column":4},"end":{"line":113,"column":36}},"48":{"start":{"line":116,"column":15},"end":{"line":118,"column":3}},"49":{"start":{"line":117,"column":4},"end":{"line":117,"column":49}},"50":{"start":{"line":120,"column":13},"end":{"line":122,"column":3}},"51":{"start":{"line":121,"column":4},"end":{"line":121,"column":75}},"52":{"start":{"line":121,"column":42},"end":{"line":121,"column":74}},"53":{"start":{"line":124,"column":13},"end":{"line":126,"column":3}},"54":{"start":{"line":125,"column":4},"end":{"line":125,"column":47}},"55":{"start":{"line":125,"column":35},"end":{"line":125,"column":46}},"56":{"start":{"line":129,"column":21},"end":{"line":134,"column":3}},"57":{"start":{"line":130,"column":17},"end":{"line":130,"column":55}},"58":{"start":{"line":131,"column":4},"end":{"line":133,"column":9}},"59":{"start":{"line":132,"column":49},"end":{"line":132,"column":73}},"60":{"start":{"line":136,"column":21},"end":{"line":141,"column":3}},"61":{"start":{"line":137,"column":17},"end":{"line":137,"column":55}},"62":{"start":{"line":138,"column":4},"end":{"line":140,"column":9}},"63":{"start":{"line":139,"column":49},"end":{"line":139,"column":73}}},"fnMap":{"0":{"name":"(anonymous_0)","decl":{"start":{"line":4,"column":2},"end":{"line":4,"column":3}},"loc":{"start":{"line":4,"column":18},"end":{"line":9,"column":3}},"line":4},"1":{"name":"(anonymous_1)","decl":{"start":{"line":12,"column":2},"end":{"line":12,"column":3}},"loc":{"start":{"line":12,"column":25},"end":{"line":35,"column":3}},"line":12},"2":{"name":"(anonymous_2)","decl":{"start":{"line":16,"column":39},"end":{"line":16,"column":40}},"loc":{"start":{"line":16,"column":52},"end":{"line":32,"column":7}},"line":16},"3":{"name":"(anonymous_3)","decl":{"start":{"line":23,"column":38},"end":{"line":23,"column":39}},"loc":{"start":{"line":23,"column":51},"end":{"line":30,"column":9}},"line":23},"4":{"name":"(anonymous_4)","decl":{"start":{"line":33,"column":56},"end":{"line":33,"column":57}},"loc":{"start":{"line":33,"column":66},"end":{"line":33,"column":73}},"line":33},"5":{"name":"(anonymous_5)","decl":{"start":{"line":37,"column":2},"end":{"line":37,"column":3}},"loc":{"start":{"line":37,"column":23},"end":{"line":40,"column":3}},"line":37},"6":{"name":"(anonymous_6)","decl":{"start":{"line":42,"column":2},"end":{"line":42,"column":3}},"loc":{"start":{"line":42,"column":37},"end":{"line":57,"column":3}},"line":42},"7":{"name":"(anonymous_7)","decl":{"start":{"line":46,"column":42},"end":{"line":46,"column":43}},"loc":{"start":{"line":46,"column":52},"end":{"line":46,"column":70}},"line":46},"8":{"name":"(anonymous_8)","decl":{"start":{"line":60,"column":12},"end":{"line":60,"column":13}},"loc":{"start":{"line":60,"column":28},"end":{"line":77,"column":3}},"line":60},"9":{"name":"(anonymous_9)","decl":{"start":{"line":79,"column":21},"end":{"line":79,"column":22}},"loc":{"start":{"line":85,"column":7},"end":{"line":100,"column":3}},"line":85},"10":{"name":"(anonymous_10)","decl":{"start":{"line":103,"column":17},"end":{"line":103,"column":18}},"loc":{"start":{"line":103,"column":36},"end":{"line":105,"column":3}},"line":103},"11":{"name":"(anonymous_11)","decl":{"start":{"line":107,"column":24},"end":{"line":107,"column":25}},"loc":{"start":{"line":107,"column":42},"end":{"line":109,"column":3}},"line":107},"12":{"name":"(anonymous_12)","decl":{"start":{"line":111,"column":15},"end":{"line":111,"column":16}},"loc":{"start":{"line":111,"column":33},"end":{"line":114,"column":3}},"line":111},"13":{"name":"(anonymous_13)","decl":{"start":{"line":116,"column":15},"end":{"line":116,"column":16}},"loc":{"start":{"line":116,"column":46},"end":{"line":118,"column":3}},"line":116},"14":{"name":"(anonymous_14)","decl":{"start":{"line":120,"column":13},"end":{"line":120,"column":14}},"loc":{"start":{"line":120,"column":31},"end":{"line":122,"column":3}},"line":120},"15":{"name":"(anonymous_15)","decl":{"start":{"line":121,"column":32},"end":{"line":121,"column":33}},"loc":{"start":{"line":121,"column":42},"end":{"line":121,"column":74}},"line":121},"16":{"name":"(anonymous_16)","decl":{"start":{"line":124,"column":13},"end":{"line":124,"column":14}},"loc":{"start":{"line":124,"column":19},"end":{"line":126,"column":3}},"line":124},"17":{"name":"(anonymous_17)","decl":{"start":{"line":125,"column":25},"end":{"line":125,"column":26}},"loc":{"start":{"line":125,"column":35},"end":{"line":125,"column":46}},"line":125},"18":{"name":"(anonymous_18)","decl":{"start":{"line":129,"column":21},"end":{"line":129,"column":22}},"loc":{"start":{"line":129,"column":39},"end":{"line":134,"column":3}},"line":129},"19":{"name":"(anonymous_19)","decl":{"start":{"line":132,"column":29},"end":{"line":132,"column":30}},"loc":{"start":{"line":132,"column":49},"end":{"line":132,"column":73}},"line":132},"20":{"name":"(anonymous_20)","decl":{"start":{"line":136,"column":21},"end":{"line":136,"column":22}},"loc":{"start":{"line":136,"column":39},"end":{"line":141,"column":3}},"line":136},"21":{"name":"(anonymous_21)","decl":{"start":{"line":139,"column":29},"end":{"line":139,"column":30}},"loc":{"start":{"line":139,"column":49},"end":{"line":139,"column":73}},"line":139}},"branchMap":{"0":{"loc":{"start":{"line":8,"column":22},"end":{"line":8,"column":42}},"type":"binary-expr","locations":[{"start":{"line":8,"column":22},"end":{"line":8,"column":37}},{"start":{"line":8,"column":41},"end":{"line":8,"column":42}}],"line":8},"1":{"loc":{"start":{"line":14,"column":4},"end":{"line":34,"column":5}},"type":"if","locations":[{"start":{"line":14,"column":4},"end":{"line":34,"column":5}},{"start":{},"end":{}}],"line":14},"2":{"loc":{"start":{"line":45,"column":6},"end":{"line":53,"column":7}},"type":"if","locations":[{"start":{"line":45,"column":6},"end":{"line":53,"column":7}},{"start":{"line":51,"column":13},"end":{"line":53,"column":7}}],"line":45},"3":{"loc":{"start":{"line":87,"column":4},"end":{"line":99,"column":5}},"type":"if","locations":[{"start":{"line":87,"column":4},"end":{"line":99,"column":5}},{"start":{"line":97,"column":11},"end":{"line":99,"column":5}}],"line":87},"4":{"loc":{"start":{"line":131,"column":11},"end":{"line":133,"column":9}},"type":"cond-expr","locations":[{"start":{"line":132,"column":8},"end":{"line":132,"column":77}},{"start":{"line":133,"column":8},"end":{"line":133,"column":9}}],"line":131},"5":{"loc":{"start":{"line":138,"column":11},"end":{"line":140,"column":9}},"type":"cond-expr","locations":[{"start":{"line":139,"column":8},"end":{"line":139,"column":77}},{"start":{"line":140,"column":8},"end":{"line":140,"column":9}}],"line":138}},"s":{"0":34,"1":34,"2":34,"3":34,"4":37,"5":37,"6":2,"7":1,"8":1,"9":1,"10":0,"11":1,"12":1,"13":1,"14":3,"15":3,"16":4,"17":4,"18":3,"19":2,"20":3,"21":2,"22":2,"23":1,"24":1,"25":34,"26":1,"27":1,"28":1,"29":1,"30":1,"31":1,"32":1,"33":1,"34":34,"35":3,"36":3,"37":1,"38":1,"39":1,"40":2,"41":34,"42":1,"43":34,"44":2,"45":34,"46":1,"47":1,"48":34,"49":1,"50":34,"51":2,"52":1,"53":34,"54":1,"55":0,"56":34,"57":1,"58":1,"59":2,"60":34,"61":1,"62":1,"63":2},"f":{"0":34,"1":37,"2":1,"3":0,"4":1,"5":3,"6":4,"7":3,"8":1,"9":3,"10":1,"11":2,"12":1,"13":1,"14":2,"15":1,"16":1,"17":0,"18":1,"19":2,"20":1,"21":2},"b":{"0":[34,34],"1":[2,35],"2":[2,1],"3":[1,2],"4":[1,0],"5":[1,0]},"_coverageSchema":"1a1c01bbd47fc00a2c39e90264f33305004495a9","hash":"74e79bb9e38297015f9d924c530629a80753a48f"}
,"/Users/maemeenoi/Library/CloudStorage/OneDrive-AraInstituteofCanterbury/Desktop/STUDY BICT/Year 2 Sem 2/BCDE211 Best Programming Practices Web and Mobile Develoment (FRI_AM)/Assessment_3/Assessment 2 Upgraded/Model/User.js": {"path":"/Users/maemeenoi/Library/CloudStorage/OneDrive-AraInstituteofCanterbury/Desktop/STUDY BICT/Year 2 Sem 2/BCDE211 Best Programming Practices Web and Mobile Develoment (FRI_AM)/Assessment_3/Assessment 2 Upgraded/Model/User.js","statementMap":{"0":{"start":{"line":5,"column":4},"end":{"line":5,"column":16}},"1":{"start":{"line":6,"column":4},"end":{"line":6,"column":30}},"2":{"start":{"line":7,"column":4},"end":{"line":7,"column":28}},"3":{"start":{"line":8,"column":4},"end":{"line":8,"column":40}},"4":{"start":{"line":9,"column":4},"end":{"line":9,"column":27}},"5":{"start":{"line":13,"column":4},"end":{"line":19,"column":5}},"6":{"start":{"line":14,"column":6},"end":{"line":16,"column":7}},"7":{"start":{"line":15,"column":8},"end":{"line":15,"column":64}},"8":{"start":{"line":18,"column":6},"end":{"line":18,"column":54}},"9":{"start":{"line":23,"column":4},"end":{"line":27,"column":5}},"10":{"start":{"line":24,"column":6},"end":{"line":24,"column":101}},"11":{"start":{"line":26,"column":6},"end":{"line":26,"column":63}},"12":{"start":{"line":31,"column":4},"end":{"line":43,"column":5}},"13":{"start":{"line":32,"column":23},"end":{"line":38,"column":7}},"14":{"start":{"line":39,"column":6},"end":{"line":39,"column":41}},"15":{"start":{"line":40,"column":6},"end":{"line":40,"column":25}},"16":{"start":{"line":42,"column":6},"end":{"line":42,"column":52}}},"fnMap":{"0":{"name":"(anonymous_0)","decl":{"start":{"line":4,"column":2},"end":{"line":4,"column":3}},"loc":{"start":{"line":4,"column":50},"end":{"line":10,"column":3}},"line":4},"1":{"name":"(anonymous_1)","decl":{"start":{"line":12,"column":2},"end":{"line":12,"column":3}},"loc":{"start":{"line":12,"column":17},"end":{"line":20,"column":3}},"line":12},"2":{"name":"(anonymous_2)","decl":{"start":{"line":14,"column":30},"end":{"line":14,"column":31}},"loc":{"start":{"line":15,"column":8},"end":{"line":15,"column":64}},"line":15},"3":{"name":"(anonymous_3)","decl":{"start":{"line":22,"column":2},"end":{"line":22,"column":3}},"loc":{"start":{"line":22,"column":13},"end":{"line":28,"column":3}},"line":22},"4":{"name":"(anonymous_4)","decl":{"start":{"line":30,"column":2},"end":{"line":30,"column":3}},"loc":{"start":{"line":30,"column":61},"end":{"line":44,"column":3}},"line":30}},"branchMap":{},"s":{"0":10,"1":10,"2":10,"3":10,"4":10,"5":7,"6":7,"7":1,"8":0,"9":3,"10":3,"11":0,"12":5,"13":5,"14":5,"15":5,"16":0},"f":{"0":10,"1":7,"2":1,"3":3,"4":5},"b":{},"_coverageSchema":"1a1c01bbd47fc00a2c39e90264f33305004495a9","hash":"81f7ac7507d930d8b4bd2e653b07f15f6a0c5520"}
,"/Users/maemeenoi/Library/CloudStorage/OneDrive-AraInstituteofCanterbury/Desktop/STUDY BICT/Year 2 Sem 2/BCDE211 Best Programming Practices Web and Mobile Develoment (FRI_AM)/Assessment_3/Assessment 2 Upgraded/Model/Workout.js": {"path":"/Users/maemeenoi/Library/CloudStorage/OneDrive-AraInstituteofCanterbury/Desktop/STUDY BICT/Year 2 Sem 2/BCDE211 Best Programming Practices Web and Mobile Develoment (FRI_AM)/Assessment_3/Assessment 2 Upgraded/Model/Workout.js","statementMap":{"0":{"start":{"line":3,"column":4},"end":{"line":11,"column":5}},"1":{"start":{"line":4,"column":6},"end":{"line":4,"column":21}},"2":{"start":{"line":5,"column":6},"end":{"line":5,"column":35}},"3":{"start":{"line":6,"column":6},"end":{"line":6,"column":33}},"4":{"start":{"line":7,"column":6},"end":{"line":7,"column":47}},"5":{"start":{"line":8,"column":6},"end":{"line":8,"column":45}},"6":{"start":{"line":10,"column":6},"end":{"line":10,"column":54}},"7":{"start":{"line":15,"column":4},"end":{"line":20,"column":5}},"8":{"start":{"line":16,"column":6},"end":{"line":16,"column":95}},"9":{"start":{"line":18,"column":6},"end":{"line":18,"column":66}},"10":{"start":{"line":19,"column":6},"end":{"line":19,"column":49}}},"fnMap":{"0":{"name":"(anonymous_0)","decl":{"start":{"line":2,"column":2},"end":{"line":2,"column":3}},"loc":{"start":{"line":2,"column":69},"end":{"line":12,"column":3}},"line":2},"1":{"name":"(anonymous_1)","decl":{"start":{"line":14,"column":2},"end":{"line":14,"column":3}},"loc":{"start":{"line":14,"column":13},"end":{"line":21,"column":3}},"line":14}},"branchMap":{},"s":{"0":11,"1":11,"2":11,"3":11,"4":11,"5":11,"6":0,"7":3,"8":3,"9":0,"10":0},"f":{"0":11,"1":3},"b":{},"_coverageSchema":"1a1c01bbd47fc00a2c39e90264f33305004495a9","hash":"5ad338a78186c38959d65d6d357139ad5ff65dc5"}
}
