TN:
SF:Model/Database.js
FN:3,(anonymous_0)
FN:14,(anonymous_1)
FN:15,(anonymous_2)
FN:18,(anonymous_3)
FN:24,(anonymous_4)
FN:52,(anonymous_5)
FN:60,(anonymous_6)
FN:61,(anonymous_7)
FN:72,(anonymous_8)
FN:77,(anonymous_9)
FN:85,(anonymous_10)
FN:91,(anonymous_11)
FN:96,(anonymous_12)
FN:97,(anonymous_13)
FN:108,(anonymous_14)
FN:113,(anonymous_15)
FN:118,(anonymous_16)
FN:123,(anonymous_17)
FN:129,(anonymous_18)
FN:130,(anonymous_19)
FN:136,(anonymous_20)
FN:149,(anonymous_21)
FN:154,(anonymous_22)
FN:164,(anonymous_23)
FN:171,(anonymous_24)
FN:172,(anonymous_25)
FN:188,(anonymous_26)
FN:193,(anonymous_27)
FN:204,(anonymous_28)
FN:215,(anonymous_29)
FN:223,(anonymous_30)
FN:224,(anonymous_31)
FN:229,(anonymous_32)
FN:233,(anonymous_33)
FN:243,(anonymous_34)
FN:248,(anonymous_35)
FN:258,(anonymous_36)
FN:263,(anonymous_37)
FN:270,(anonymous_38)
FN:278,(anonymous_39)
FN:279,(anonymous_40)
FN:285,(anonymous_41)
FN:290,(anonymous_42)
FNF:43
FNH:32
FNDA:6,(anonymous_0)
FNDA:7,(anonymous_1)
FNDA:7,(anonymous_2)
FNDA:0,(anonymous_3)
FNDA:1,(anonymous_4)
FNDA:7,(anonymous_5)
FNDA:4,(anonymous_6)
FNDA:4,(anonymous_7)
FNDA:2,(anonymous_8)
FNDA:1,(anonymous_9)
FNDA:1,(anonymous_10)
FNDA:1,(anonymous_11)
FNDA:1,(anonymous_12)
FNDA:1,(anonymous_13)
FNDA:1,(anonymous_14)
FNDA:0,(anonymous_15)
FNDA:0,(anonymous_16)
FNDA:1,(anonymous_17)
FNDA:4,(anonymous_18)
FNDA:4,(anonymous_19)
FNDA:4,(anonymous_20)
FNDA:2,(anonymous_21)
FNDA:0,(anonymous_22)
FNDA:0,(anonymous_23)
FNDA:5,(anonymous_24)
FNDA:5,(anonymous_25)
FNDA:0,(anonymous_26)
FNDA:2,(anonymous_27)
FNDA:2,(anonymous_28)
FNDA:0,(anonymous_29)
FNDA:1,(anonymous_30)
FNDA:1,(anonymous_31)
FNDA:1,(anonymous_32)
FNDA:1,(anonymous_33)
FNDA:1,(anonymous_34)
FNDA:0,(anonymous_35)
FNDA:0,(anonymous_36)
FNDA:0,(anonymous_37)
FNDA:3,(anonymous_38)
FNDA:2,(anonymous_39)
FNDA:2,(anonymous_40)
FNDA:1,(anonymous_41)
FNDA:0,(anonymous_42)
DA:8,6
DA:9,6
DA:10,6
DA:11,6
DA:15,7
DA:16,7
DA:18,7
DA:19,0
DA:20,0
DA:24,7
DA:25,1
DA:28,1
DA:29,1
DA:33,1
DA:34,1
DA:35,1
DA:39,1
DA:40,1
DA:44,1
DA:45,1
DA:46,1
DA:47,1
DA:52,7
DA:53,7
DA:54,7
DA:55,7
DA:61,4
DA:63,4
DA:64,4
DA:65,4
DA:66,4
DA:72,4
DA:73,2
DA:74,2
DA:77,4
DA:78,1
DA:81,1
DA:85,4
DA:86,1
DA:87,1
DA:91,4
DA:92,1
DA:97,1
DA:98,1
DA:99,1
DA:100,1
DA:108,1
DA:109,1
DA:110,1
DA:113,1
DA:114,0
DA:115,0
DA:118,1
DA:119,0
DA:120,0
DA:123,1
DA:124,1
DA:130,4
DA:131,4
DA:132,4
DA:133,4
DA:134,4
DA:136,4
DA:137,4
DA:138,4
DA:139,2
DA:143,2
DA:146,2
DA:147,2
DA:149,2
DA:150,2
DA:151,2
DA:154,2
DA:155,0
DA:156,0
DA:159,2
DA:160,2
DA:164,4
DA:165,0
DA:166,0
DA:172,5
DA:174,5
DA:175,3
DA:176,3
DA:177,3
DA:181,2
DA:185,2
DA:186,2
DA:188,2
DA:189,0
DA:190,0
DA:193,2
DA:194,2
DA:196,2
DA:200,2
DA:201,2
DA:202,2
DA:204,2
DA:205,2
DA:206,2
DA:207,0
DA:208,0
DA:210,2
DA:211,2
DA:215,2
DA:216,0
DA:217,0
DA:224,1
DA:225,1
DA:226,1
DA:227,1
DA:229,1
DA:230,1
DA:232,1
DA:233,1
DA:234,1
DA:235,0
DA:237,1
DA:241,1
DA:243,1
DA:244,1
DA:245,1
DA:248,1
DA:249,0
DA:250,0
DA:253,0
DA:254,0
DA:258,1
DA:259,0
DA:260,0
DA:263,1
DA:264,0
DA:265,0
DA:271,3
DA:272,3
DA:273,3
DA:279,2
DA:281,2
DA:282,2
DA:285,2
DA:286,1
DA:290,2
DA:291,0
LF:143
LH:117
BRDA:4,0,0,0
BRDA:5,1,0,0
BRDA:6,2,0,0
BRDA:14,3,0,7
BRDA:28,4,0,1
BRDA:28,4,1,0
BRDA:39,5,0,1
BRDA:39,5,1,0
BRDA:138,6,0,2
BRDA:138,6,1,2
BRDA:174,7,0,3
BRDA:174,7,1,2
BRDA:174,8,0,5
BRDA:174,8,1,3
BRDA:206,9,0,0
BRDA:206,9,1,2
BRDA:232,10,0,1
BRDA:232,10,1,0
BRDA:234,11,0,0
BRDA:234,11,1,1
BRDA:234,12,0,1
BRDA:234,12,1,0
BRDA:271,13,0,3
BRDA:271,13,1,0
BRF:24
BRH:14
end_of_record
TN:
SF:Model/Log.js
FN:4,(anonymous_0)
FN:12,(anonymous_1)
FN:16,(anonymous_2)
FN:23,(anonymous_3)
FN:33,(anonymous_4)
FN:37,(anonymous_5)
FN:42,(anonymous_6)
FN:46,(anonymous_7)
FN:60,(anonymous_8)
FN:79,(anonymous_9)
FN:103,(anonymous_10)
FN:107,(anonymous_11)
FN:111,(anonymous_12)
FN:116,(anonymous_13)
FN:120,(anonymous_14)
FN:121,(anonymous_15)
FN:124,(anonymous_16)
FN:125,(anonymous_17)
FN:129,(anonymous_18)
FN:132,(anonymous_19)
FN:136,(anonymous_20)
FN:139,(anonymous_21)
FNF:22
FNH:20
FNDA:34,(anonymous_0)
FNDA:37,(anonymous_1)
FNDA:1,(anonymous_2)
FNDA:0,(anonymous_3)
FNDA:1,(anonymous_4)
FNDA:3,(anonymous_5)
FNDA:4,(anonymous_6)
FNDA:3,(anonymous_7)
FNDA:1,(anonymous_8)
FNDA:3,(anonymous_9)
FNDA:1,(anonymous_10)
FNDA:2,(anonymous_11)
FNDA:1,(anonymous_12)
FNDA:1,(anonymous_13)
FNDA:2,(anonymous_14)
FNDA:1,(anonymous_15)
FNDA:1,(anonymous_16)
FNDA:0,(anonymous_17)
FNDA:1,(anonymous_18)
FNDA:2,(anonymous_19)
FNDA:1,(anonymous_20)
FNDA:2,(anonymous_21)
DA:5,34
DA:6,34
DA:7,34
DA:8,34
DA:13,37
DA:14,37
DA:15,2
DA:16,1
DA:17,1
DA:23,1
DA:24,0
DA:31,1
DA:33,1
DA:38,3
DA:39,3
DA:43,4
DA:44,4
DA:45,3
DA:46,3
DA:47,2
DA:48,2
DA:52,1
DA:55,1
DA:60,34
DA:62,1
DA:63,1
DA:64,1
DA:67,1
DA:73,1
DA:74,1
DA:75,1
DA:76,1
DA:79,34
DA:86,3
DA:87,3
DA:88,1
DA:89,1
DA:90,1
DA:98,2
DA:103,34
DA:104,1
DA:107,34
DA:108,2
DA:111,34
DA:112,1
DA:113,1
DA:116,34
DA:117,1
DA:120,34
DA:121,2
DA:124,34
DA:125,1
DA:129,34
DA:130,1
DA:131,1
DA:132,2
DA:136,34
DA:137,1
DA:138,1
DA:139,2
LF:60
LH:59
BRDA:8,0,0,34
BRDA:8,0,1,34
BRDA:14,1,0,2
BRDA:14,1,1,35
BRDA:45,2,0,2
BRDA:45,2,1,1
BRDA:87,3,0,1
BRDA:87,3,1,2
BRDA:131,4,0,1
BRDA:131,4,1,0
BRDA:138,5,0,1
BRDA:138,5,1,0
BRF:12
BRH:10
end_of_record
TN:
SF:Model/User.js
FN:4,(anonymous_0)
FN:12,(anonymous_1)
FN:14,(anonymous_2)
FN:22,(anonymous_3)
FN:30,(anonymous_4)
FNF:5
FNH:5
FNDA:10,(anonymous_0)
FNDA:7,(anonymous_1)
FNDA:1,(anonymous_2)
FNDA:3,(anonymous_3)
FNDA:5,(anonymous_4)
DA:5,10
DA:6,10
DA:7,10
DA:8,10
DA:9,10
DA:13,7
DA:14,7
DA:15,1
DA:18,0
DA:23,3
DA:24,3
DA:26,0
DA:31,5
DA:32,5
DA:39,5
DA:40,5
DA:42,0
LF:17
LH:14
BRF:0
BRH:0
end_of_record
TN:
SF:Model/Workout.js
FN:2,(anonymous_0)
FN:14,(anonymous_1)
FNF:2
FNH:2
FNDA:11,(anonymous_0)
FNDA:3,(anonymous_1)
DA:3,11
DA:4,11
DA:5,11
DA:6,11
DA:7,11
DA:8,11
DA:10,0
DA:15,3
DA:16,3
DA:18,0
DA:19,0
LF:11
LH:8
BRF:0
BRH:0
end_of_record
